<?xml version="1.0" encoding="utf-8"?>
<DocFile>
    <FileHeader>
        <Sender>RB</Sender>
    </FileHeader>
    <DocList>
        <!-- I1: Valid SWIFT, Empty IBAN -->
        <Doc>
            <ContractFor>
                <Client>
                    <ClientInfo>
                        <RegNumber>4000000000</RegNumber>
                    </ClientInfo>
                </Client>
            </ContractFor>
            <Originator>
                <ContractNumber>9000000
                </ContractNumber>
            </Originator>
            <Transaction>
                <Extra>
                    <Type>AddInfo</Type>
                    <AddData>
                        <Parm>
                            <ParmCode>SWIFT</ParmCode>
                            <Value>050026000000</Value>
                        </Parm>
                        <Parm>
                            <ParmCode>IBAN</ParmCode>
                            <Value/>
                        </Parm>
                    </AddData>
                </Extra>
            </Transaction>
            <Billing>
                <PhaseDate>2021-06-30</PhaseDate>
                <Currency>352</Currency>
                <Amount>10</Amount>
            </Billing>
        </Doc>
        <!-- I2: Invalid SWIFT, empty IBAN -->
        <Doc>
            <ContractFor>
                <Client>
                    <ClientInfo>
                        <RegNumber>4000000002</RegNumber>
                    </ClientInfo>
                </Client>
            </ContractFor>
            <Originator>
                <ContractNumber>9000002
                </ContractNumber>
            </Originator>
            <Transaction>
                <Extra>
                    <Type>AddInfo</Type>
                    <AddData>

                        <Parm>
                            <ParmCode>SWIFT</ParmCode>
                            <Value>INVALID</Value>
                        </Parm>
                        <Parm>
                            <ParmCode>IBAN</ParmCode>
                            <Value/>
                        </Parm>
                    </AddData>
                </Extra>
            </Transaction>
            <Billing>
                <PhaseDate>2021-06-30</PhaseDate>
                <Currency>352</Currency>
                <Amount>10</Amount>
            </Billing>
        </Doc>
        <!-- I3: Valid SWIFT, Valid IBAN -->
        <Doc>
            <ContractFor>
                <Client>
                    <ClientInfo>
                        <RegNumber>4000000002</RegNumber>
                    </ClientInfo>
                </Client>
            </ContractFor>
            <Originator>
                <ContractNumber>9000002</ContractNumber>
            </Originator>
            <Transaction>
                <Extra>
                    <AddData>
                        <Parm>
                            <ParmCode>SWIFT</ParmCode>
                            <Value>050026000000</Value>
                        </Parm>
                        <Parm>
                            <ParmCode>IBAN</ParmCode>
                            <Value>IS140159260076545510730339</Value>
                        </Parm>
                    </AddData>
                </Extra>
            </Transaction>
            <Billing>
                <PhaseDate>2021-06-30</PhaseDate>
                <Currency>352</Currency>
                <Amount>10</Amount>
            </Billing>
        </Doc>
        <!-- I4: Invalid SWIFT, Valid IBAN -->
        <Doc>
            <ContractFor>
                <Client>
                    <ClientInfo>
                        <RegNumber>4000000002</RegNumber>
                    </ClientInfo>
                </Client>
            </ContractFor>
            <Originator>
                <ContractNumber>9000002</ContractNumber>
            </Originator>
            <Transaction>
                <Extra>
                    <AddData>
                        <Parm>
                            <ParmCode>SWIFT</ParmCode>
                            <Value>INVALID</Value>
                        </Parm>
                        <Parm>
                            <ParmCode>IBAN</ParmCode>
                            <Value>IS140159260076545510730339</Value>
                        </Parm>
                    </AddData>
                </Extra>
            </Transaction>
            <Billing>
                <PhaseDate>2021-06-30</PhaseDate>
                <Currency>352</Currency>
                <Amount>10</Amount>
            </Billing>
        </Doc>
    </DocList>
    <FileTrailer>
        <CheckSum>
            <RecsCount>5</RecsCount>
            <HashTotalAmount>50</HashTotalAmount>
        </CheckSum>
    </FileTrailer>
</DocFile>